21-Jun-2024 20:48:57.580 INFO [main] org.apache.catalina.startup.VersionLoggerListener.log Server version name:   Apache Tomcat/10.1.24
21-Jun-2024 20:48:57.585 INFO [main] org.apache.catalina.startup.VersionLoggerListener.log Server built:          May 9 2024 17:41:23 UTC
21-Jun-2024 20:48:57.585 INFO [main] org.apache.catalina.startup.VersionLoggerListener.log Server version number: 10.1.24.0
21-Jun-2024 20:48:57.585 INFO [main] org.apache.catalina.startup.VersionLoggerListener.log OS Name:               Windows 11
21-Jun-2024 20:48:57.585 INFO [main] org.apache.catalina.startup.VersionLoggerListener.log OS Version:            10.0
21-Jun-2024 20:48:57.586 INFO [main] org.apache.catalina.startup.VersionLoggerListener.log Architecture:          amd64
21-Jun-2024 20:48:57.586 INFO [main] org.apache.catalina.startup.VersionLoggerListener.log Java Home:             C:\Program Files\Java\jdk-17
21-Jun-2024 20:48:57.586 INFO [main] org.apache.catalina.startup.VersionLoggerListener.log JVM Version:           17.0.10+11-LTS-240
21-Jun-2024 20:48:57.586 INFO [main] org.apache.catalina.startup.VersionLoggerListener.log JVM Vendor:            Oracle Corporation
21-Jun-2024 20:48:57.586 INFO [main] org.apache.catalina.startup.VersionLoggerListener.log CATALINA_BASE:         C:\Users\arthu\Documents\Git\Especializacao-Fullstack\02-2024 Fundamentos de Programação Back-End\atividade_4\src\main
21-Jun-2024 20:48:57.586 INFO [main] org.apache.catalina.startup.VersionLoggerListener.log CATALINA_HOME:         C:\Users\arthu\Documents\Git\Especializacao-Fullstack\apache-tomcat-10.1.24-windows-x64\apache-tomcat-10.1.24
21-Jun-2024 20:48:57.605 INFO [main] org.apache.catalina.startup.VersionLoggerListener.log Command line argument: --add-opens=java.base/java.lang=ALL-UNNAMED
21-Jun-2024 20:48:57.605 INFO [main] org.apache.catalina.startup.VersionLoggerListener.log Command line argument: --add-opens=java.base/java.io=ALL-UNNAMED
21-Jun-2024 20:48:57.605 INFO [main] org.apache.catalina.startup.VersionLoggerListener.log Command line argument: --add-opens=java.base/java.util=ALL-UNNAMED
21-Jun-2024 20:48:57.605 INFO [main] org.apache.catalina.startup.VersionLoggerListener.log Command line argument: --add-opens=java.base/java.util.concurrent=ALL-UNNAMED
21-Jun-2024 20:48:57.605 INFO [main] org.apache.catalina.startup.VersionLoggerListener.log Command line argument: --add-opens=java.rmi/sun.rmi.transport=ALL-UNNAMED
21-Jun-2024 20:48:57.606 INFO [main] org.apache.catalina.startup.VersionLoggerListener.log Command line argument: -Dcatalina.home=C:\Users\arthu\Documents\Git\Especializacao-Fullstack\apache-tomcat-10.1.24-windows-x64\apache-tomcat-10.1.24
21-Jun-2024 20:48:57.607 INFO [main] org.apache.catalina.startup.VersionLoggerListener.log Command line argument: -Dcatalina.base=C:\Users\arthu\Documents\Git\Especializacao-Fullstack\02-2024 Fundamentos de Programação Back-End\atividade_4\src\main
21-Jun-2024 20:48:57.607 INFO [main] org.apache.catalina.startup.VersionLoggerListener.log Command line argument: -Djava.io.tmpdir=C:\Users\arthu\Documents\Git\Especializacao-Fullstack\02-2024 Fundamentos de Programação Back-End\atividade_4\src\main\temp
21-Jun-2024 20:48:57.607 INFO [main] org.apache.catalina.startup.VersionLoggerListener.log Command line argument: -Djava.util.logging.config.file=C:\Users\arthu\Documents\Git\Especializacao-Fullstack\02-2024 Fundamentos de Programação Back-End\atividade_4\src\main\conf\logging.properties
21-Jun-2024 20:48:57.607 INFO [main] org.apache.catalina.startup.VersionLoggerListener.log Command line argument: -Djava.util.logging.manager=org.apache.juli.ClassLoaderLogManager
21-Jun-2024 20:48:57.607 INFO [main] org.apache.catalina.startup.VersionLoggerListener.log Command line argument: -javaagent:C:\Program Files\JetBrains\IntelliJ IDEA Community Edition 2023.3.3\lib\idea_rt.jar=49668:C:\Program Files\JetBrains\IntelliJ IDEA Community Edition 2023.3.3\bin
21-Jun-2024 20:48:57.607 INFO [main] org.apache.catalina.startup.VersionLoggerListener.log Command line argument: -Dfile.encoding=UTF-8
21-Jun-2024 20:48:57.614 INFO [main] org.apache.catalina.core.AprLifecycleListener.lifecycleEvent Loaded Apache Tomcat Native library [2.0.7] using APR version [1.7.4].
21-Jun-2024 20:48:57.633 INFO [main] org.apache.catalina.core.AprLifecycleListener.initializeSSL OpenSSL successfully initialized [OpenSSL 3.0.13 30 Jan 2024]
21-Jun-2024 20:48:58.009 INFO [main] org.apache.coyote.AbstractProtocol.init Initializing ProtocolHandler ["http-nio-8080"]
21-Jun-2024 20:48:58.030 INFO [main] org.apache.catalina.startup.Catalina.load Server initialization in [726] milliseconds
21-Jun-2024 20:48:58.093 INFO [main] org.apache.catalina.core.StandardService.startInternal Starting service [Catalina]
21-Jun-2024 20:48:58.093 INFO [main] org.apache.catalina.core.StandardEngine.startInternal Starting Servlet engine: [Apache Tomcat/10.1.24]
21-Jun-2024 20:48:58.112 INFO [main] org.apache.catalina.startup.HostConfig.deployDescriptor Deploying deployment descriptor [C:\Users\arthu\Documents\Git\Especializacao-Fullstack\02-2024 Fundamentos de Programação Back-End\atividade_4\src\main\conf\Catalina\localhost\atividade_4.xml]
21-Jun-2024 20:49:05.759 INFO [main] org.apache.jasper.servlet.TldScanner.scanJars At least one JAR was scanned for TLDs yet contained no TLDs. Enable debug logging for this logger for a complete list of JARs that were scanned but no TLDs were found in them. Skipping unneeded JARs during scanning can improve startup time and JSP compilation time.
21-Jun-2024 20:49:26.551 INFO [main] org.apache.catalina.startup.HostConfig.deployDescriptor Deployment of deployment descriptor [C:\Users\arthu\Documents\Git\Especializacao-Fullstack\02-2024 Fundamentos de Programação Back-End\atividade_4\src\main\conf\Catalina\localhost\atividade_4.xml] has finished in [28.438] ms
21-Jun-2024 20:49:26.565 INFO [main] org.apache.coyote.AbstractProtocol.start Starting ProtocolHandler ["http-nio-8080"]
21-Jun-2024 20:49:26.676 INFO [main] org.apache.catalina.startup.Catalina.start Server startup in [28646] milliseconds
21-Jun-2024 20:50:02.037 INFO [Thread-2] org.apache.coyote.AbstractProtocol.pause Pausing ProtocolHandler ["http-nio-8080"]
21-Jun-2024 20:50:02.059 INFO [Thread-2] org.apache.catalina.core.StandardService.stopInternal Stopping service [Catalina]
21-Jun-2024 20:50:02.142 INFO [Thread-2] org.apache.coyote.AbstractProtocol.stop Stopping ProtocolHandler ["http-nio-8080"]
21-Jun-2024 20:50:02.156 INFO [Thread-2] org.apache.coyote.AbstractProtocol.destroy Destroying ProtocolHandler ["http-nio-8080"]
21-Jun-2024 20:50:06.120 INFO [main] org.apache.catalina.startup.VersionLoggerListener.log Server version name:   Apache Tomcat/10.1.24
21-Jun-2024 20:50:06.126 INFO [main] org.apache.catalina.startup.VersionLoggerListener.log Server built:          May 9 2024 17:41:23 UTC
21-Jun-2024 20:50:06.126 INFO [main] org.apache.catalina.startup.VersionLoggerListener.log Server version number: 10.1.24.0
21-Jun-2024 20:50:06.126 INFO [main] org.apache.catalina.startup.VersionLoggerListener.log OS Name:               Windows 11
21-Jun-2024 20:50:06.127 INFO [main] org.apache.catalina.startup.VersionLoggerListener.log OS Version:            10.0
21-Jun-2024 20:50:06.127 INFO [main] org.apache.catalina.startup.VersionLoggerListener.log Architecture:          amd64
21-Jun-2024 20:50:06.127 INFO [main] org.apache.catalina.startup.VersionLoggerListener.log Java Home:             C:\Program Files\Java\jdk-17
21-Jun-2024 20:50:06.127 INFO [main] org.apache.catalina.startup.VersionLoggerListener.log JVM Version:           17.0.10+11-LTS-240
21-Jun-2024 20:50:06.127 INFO [main] org.apache.catalina.startup.VersionLoggerListener.log JVM Vendor:            Oracle Corporation
21-Jun-2024 20:50:06.127 INFO [main] org.apache.catalina.startup.VersionLoggerListener.log CATALINA_BASE:         C:\Users\arthu\Documents\Git\Especializacao-Fullstack\02-2024 Fundamentos de Programação Back-End\atividade_4\src\main
21-Jun-2024 20:50:06.128 INFO [main] org.apache.catalina.startup.VersionLoggerListener.log CATALINA_HOME:         C:\Users\arthu\Documents\Git\Especializacao-Fullstack\apache-tomcat-10.1.24-windows-x64\apache-tomcat-10.1.24
21-Jun-2024 20:50:06.142 INFO [main] org.apache.catalina.startup.VersionLoggerListener.log Command line argument: --add-opens=java.base/java.lang=ALL-UNNAMED
21-Jun-2024 20:50:06.142 INFO [main] org.apache.catalina.startup.VersionLoggerListener.log Command line argument: --add-opens=java.base/java.io=ALL-UNNAMED
21-Jun-2024 20:50:06.142 INFO [main] org.apache.catalina.startup.VersionLoggerListener.log Command line argument: --add-opens=java.base/java.util=ALL-UNNAMED
21-Jun-2024 20:50:06.142 INFO [main] org.apache.catalina.startup.VersionLoggerListener.log Command line argument: --add-opens=java.base/java.util.concurrent=ALL-UNNAMED
21-Jun-2024 20:50:06.142 INFO [main] org.apache.catalina.startup.VersionLoggerListener.log Command line argument: --add-opens=java.rmi/sun.rmi.transport=ALL-UNNAMED
21-Jun-2024 20:50:06.142 INFO [main] org.apache.catalina.startup.VersionLoggerListener.log Command line argument: -Dcatalina.home=C:\Users\arthu\Documents\Git\Especializacao-Fullstack\apache-tomcat-10.1.24-windows-x64\apache-tomcat-10.1.24
21-Jun-2024 20:50:06.143 INFO [main] org.apache.catalina.startup.VersionLoggerListener.log Command line argument: -Dcatalina.base=C:\Users\arthu\Documents\Git\Especializacao-Fullstack\02-2024 Fundamentos de Programação Back-End\atividade_4\src\main
21-Jun-2024 20:50:06.143 INFO [main] org.apache.catalina.startup.VersionLoggerListener.log Command line argument: -Djava.io.tmpdir=C:\Users\arthu\Documents\Git\Especializacao-Fullstack\02-2024 Fundamentos de Programação Back-End\atividade_4\src\main\temp
21-Jun-2024 20:50:06.143 INFO [main] org.apache.catalina.startup.VersionLoggerListener.log Command line argument: -Djava.util.logging.config.file=C:\Users\arthu\Documents\Git\Especializacao-Fullstack\02-2024 Fundamentos de Programação Back-End\atividade_4\src\main\conf\logging.properties
21-Jun-2024 20:50:06.143 INFO [main] org.apache.catalina.startup.VersionLoggerListener.log Command line argument: -Djava.util.logging.manager=org.apache.juli.ClassLoaderLogManager
21-Jun-2024 20:50:06.143 INFO [main] org.apache.catalina.startup.VersionLoggerListener.log Command line argument: -javaagent:C:\Program Files\JetBrains\IntelliJ IDEA Community Edition 2023.3.3\lib\idea_rt.jar=49736:C:\Program Files\JetBrains\IntelliJ IDEA Community Edition 2023.3.3\bin
21-Jun-2024 20:50:06.143 INFO [main] org.apache.catalina.startup.VersionLoggerListener.log Command line argument: -Dfile.encoding=UTF-8
21-Jun-2024 20:50:06.146 INFO [main] org.apache.catalina.core.AprLifecycleListener.lifecycleEvent Loaded Apache Tomcat Native library [2.0.7] using APR version [1.7.4].
21-Jun-2024 20:50:06.153 INFO [main] org.apache.catalina.core.AprLifecycleListener.initializeSSL OpenSSL successfully initialized [OpenSSL 3.0.13 30 Jan 2024]
21-Jun-2024 20:50:06.496 INFO [main] org.apache.coyote.AbstractProtocol.init Initializing ProtocolHandler ["http-nio-8080"]
21-Jun-2024 20:50:06.551 INFO [main] org.apache.catalina.startup.Catalina.load Server initialization in [739] milliseconds
21-Jun-2024 20:50:06.619 INFO [main] org.apache.catalina.core.StandardService.startInternal Starting service [Catalina]
21-Jun-2024 20:50:06.619 INFO [main] org.apache.catalina.core.StandardEngine.startInternal Starting Servlet engine: [Apache Tomcat/10.1.24]
21-Jun-2024 20:50:06.636 INFO [main] org.apache.catalina.startup.HostConfig.deployDescriptor Deploying deployment descriptor [C:\Users\arthu\Documents\Git\Especializacao-Fullstack\02-2024 Fundamentos de Programação Back-End\atividade_4\src\main\conf\Catalina\localhost\atividade_4.xml]
21-Jun-2024 20:50:14.493 INFO [main] org.apache.jasper.servlet.TldScanner.scanJars At least one JAR was scanned for TLDs yet contained no TLDs. Enable debug logging for this logger for a complete list of JARs that were scanned but no TLDs were found in them. Skipping unneeded JARs during scanning can improve startup time and JSP compilation time.
21-Jun-2024 20:50:34.262 INFO [main] org.apache.catalina.startup.HostConfig.deployDescriptor Deployment of deployment descriptor [C:\Users\arthu\Documents\Git\Especializacao-Fullstack\02-2024 Fundamentos de Programação Back-End\atividade_4\src\main\conf\Catalina\localhost\atividade_4.xml] has finished in [27.626] ms
21-Jun-2024 20:50:34.267 INFO [main] org.apache.coyote.AbstractProtocol.start Starting ProtocolHandler ["http-nio-8080"]
21-Jun-2024 20:50:34.293 INFO [main] org.apache.catalina.startup.Catalina.start Server startup in [27741] milliseconds
21-Jun-2024 20:51:48.572 INFO [Thread-2] org.apache.coyote.AbstractProtocol.pause Pausing ProtocolHandler ["http-nio-8080"]
21-Jun-2024 20:51:48.585 INFO [Thread-2] org.apache.catalina.core.StandardService.stopInternal Stopping service [Catalina]
21-Jun-2024 20:51:48.647 INFO [Thread-2] org.apache.coyote.AbstractProtocol.stop Stopping ProtocolHandler ["http-nio-8080"]
21-Jun-2024 20:51:48.662 INFO [Thread-2] org.apache.coyote.AbstractProtocol.destroy Destroying ProtocolHandler ["http-nio-8080"]
21-Jun-2024 20:51:59.274 INFO [main] org.apache.catalina.startup.VersionLoggerListener.log Server version name:   Apache Tomcat/10.1.24
21-Jun-2024 20:51:59.279 INFO [main] org.apache.catalina.startup.VersionLoggerListener.log Server built:          May 9 2024 17:41:23 UTC
21-Jun-2024 20:51:59.280 INFO [main] org.apache.catalina.startup.VersionLoggerListener.log Server version number: 10.1.24.0
21-Jun-2024 20:51:59.280 INFO [main] org.apache.catalina.startup.VersionLoggerListener.log OS Name:               Windows 11
21-Jun-2024 20:51:59.280 INFO [main] org.apache.catalina.startup.VersionLoggerListener.log OS Version:            10.0
21-Jun-2024 20:51:59.280 INFO [main] org.apache.catalina.startup.VersionLoggerListener.log Architecture:          amd64
21-Jun-2024 20:51:59.280 INFO [main] org.apache.catalina.startup.VersionLoggerListener.log Java Home:             C:\Program Files\Java\jdk-17
21-Jun-2024 20:51:59.280 INFO [main] org.apache.catalina.startup.VersionLoggerListener.log JVM Version:           17.0.10+11-LTS-240
21-Jun-2024 20:51:59.280 INFO [main] org.apache.catalina.startup.VersionLoggerListener.log JVM Vendor:            Oracle Corporation
21-Jun-2024 20:51:59.281 INFO [main] org.apache.catalina.startup.VersionLoggerListener.log CATALINA_BASE:         C:\Users\arthu\Documents\Git\Especializacao-Fullstack\02-2024 Fundamentos de Programação Back-End\atividade_4\src\main
21-Jun-2024 20:51:59.281 INFO [main] org.apache.catalina.startup.VersionLoggerListener.log CATALINA_HOME:         C:\Users\arthu\Documents\Git\Especializacao-Fullstack\apache-tomcat-10.1.24-windows-x64\apache-tomcat-10.1.24
21-Jun-2024 20:51:59.290 INFO [main] org.apache.catalina.startup.VersionLoggerListener.log Command line argument: --add-opens=java.base/java.lang=ALL-UNNAMED
21-Jun-2024 20:51:59.290 INFO [main] org.apache.catalina.startup.VersionLoggerListener.log Command line argument: --add-opens=java.base/java.io=ALL-UNNAMED
21-Jun-2024 20:51:59.291 INFO [main] org.apache.catalina.startup.VersionLoggerListener.log Command line argument: --add-opens=java.base/java.util=ALL-UNNAMED
21-Jun-2024 20:51:59.291 INFO [main] org.apache.catalina.startup.VersionLoggerListener.log Command line argument: --add-opens=java.base/java.util.concurrent=ALL-UNNAMED
21-Jun-2024 20:51:59.291 INFO [main] org.apache.catalina.startup.VersionLoggerListener.log Command line argument: --add-opens=java.rmi/sun.rmi.transport=ALL-UNNAMED
21-Jun-2024 20:51:59.291 INFO [main] org.apache.catalina.startup.VersionLoggerListener.log Command line argument: -Dcatalina.home=C:\Users\arthu\Documents\Git\Especializacao-Fullstack\apache-tomcat-10.1.24-windows-x64\apache-tomcat-10.1.24
21-Jun-2024 20:51:59.291 INFO [main] org.apache.catalina.startup.VersionLoggerListener.log Command line argument: -Dcatalina.base=C:\Users\arthu\Documents\Git\Especializacao-Fullstack\02-2024 Fundamentos de Programação Back-End\atividade_4\src\main
21-Jun-2024 20:51:59.291 INFO [main] org.apache.catalina.startup.VersionLoggerListener.log Command line argument: -Djava.io.tmpdir=C:\Users\arthu\Documents\Git\Especializacao-Fullstack\02-2024 Fundamentos de Programação Back-End\atividade_4\src\main\temp
21-Jun-2024 20:51:59.291 INFO [main] org.apache.catalina.startup.VersionLoggerListener.log Command line argument: -Djava.util.logging.config.file=C:\Users\arthu\Documents\Git\Especializacao-Fullstack\02-2024 Fundamentos de Programação Back-End\atividade_4\src\main\conf\logging.properties
21-Jun-2024 20:51:59.291 INFO [main] org.apache.catalina.startup.VersionLoggerListener.log Command line argument: -Djava.util.logging.manager=org.apache.juli.ClassLoaderLogManager
21-Jun-2024 20:51:59.291 INFO [main] org.apache.catalina.startup.VersionLoggerListener.log Command line argument: -javaagent:C:\Program Files\JetBrains\IntelliJ IDEA Community Edition 2023.3.3\lib\idea_rt.jar=49792:C:\Program Files\JetBrains\IntelliJ IDEA Community Edition 2023.3.3\bin
21-Jun-2024 20:51:59.291 INFO [main] org.apache.catalina.startup.VersionLoggerListener.log Command line argument: -Dfile.encoding=UTF-8
21-Jun-2024 20:51:59.294 INFO [main] org.apache.catalina.core.AprLifecycleListener.lifecycleEvent Loaded Apache Tomcat Native library [2.0.7] using APR version [1.7.4].
21-Jun-2024 20:51:59.301 INFO [main] org.apache.catalina.core.AprLifecycleListener.initializeSSL OpenSSL successfully initialized [OpenSSL 3.0.13 30 Jan 2024]
21-Jun-2024 20:51:59.606 INFO [main] org.apache.coyote.AbstractProtocol.init Initializing ProtocolHandler ["http-nio-8080"]
21-Jun-2024 20:51:59.625 INFO [main] org.apache.catalina.startup.Catalina.load Server initialization in [653] milliseconds
21-Jun-2024 20:51:59.700 INFO [main] org.apache.catalina.core.StandardService.startInternal Starting service [Catalina]
21-Jun-2024 20:51:59.701 INFO [main] org.apache.catalina.core.StandardEngine.startInternal Starting Servlet engine: [Apache Tomcat/10.1.24]
21-Jun-2024 20:51:59.727 INFO [main] org.apache.catalina.startup.HostConfig.deployDescriptor Deploying deployment descriptor [C:\Users\arthu\Documents\Git\Especializacao-Fullstack\02-2024 Fundamentos de Programação Back-End\atividade_4\src\main\conf\Catalina\localhost\ROOT.xml]
21-Jun-2024 20:52:07.691 INFO [main] org.apache.jasper.servlet.TldScanner.scanJars At least one JAR was scanned for TLDs yet contained no TLDs. Enable debug logging for this logger for a complete list of JARs that were scanned but no TLDs were found in them. Skipping unneeded JARs during scanning can improve startup time and JSP compilation time.
21-Jun-2024 20:52:30.405 INFO [main] org.apache.catalina.startup.HostConfig.deployDescriptor Deployment of deployment descriptor [C:\Users\arthu\Documents\Git\Especializacao-Fullstack\02-2024 Fundamentos de Programação Back-End\atividade_4\src\main\conf\Catalina\localhost\ROOT.xml] has finished in [30.676] ms
21-Jun-2024 20:52:30.411 INFO [main] org.apache.coyote.AbstractProtocol.start Starting ProtocolHandler ["http-nio-8080"]
21-Jun-2024 20:52:30.442 INFO [main] org.apache.catalina.startup.Catalina.start Server startup in [30817] milliseconds
21-Jun-2024 20:57:53.735 INFO [Thread-2] org.apache.coyote.AbstractProtocol.pause Pausing ProtocolHandler ["http-nio-8080"]
21-Jun-2024 20:57:53.749 INFO [Thread-2] org.apache.catalina.core.StandardService.stopInternal Stopping service [Catalina]
21-Jun-2024 20:57:53.812 INFO [Thread-2] org.apache.coyote.AbstractProtocol.stop Stopping ProtocolHandler ["http-nio-8080"]
21-Jun-2024 20:57:53.826 INFO [Thread-2] org.apache.coyote.AbstractProtocol.destroy Destroying ProtocolHandler ["http-nio-8080"]
21-Jun-2024 20:57:57.756 INFO [main] org.apache.catalina.startup.VersionLoggerListener.log Server version name:   Apache Tomcat/10.1.24
21-Jun-2024 20:57:57.762 INFO [main] org.apache.catalina.startup.VersionLoggerListener.log Server built:          May 9 2024 17:41:23 UTC
21-Jun-2024 20:57:57.763 INFO [main] org.apache.catalina.startup.VersionLoggerListener.log Server version number: 10.1.24.0
21-Jun-2024 20:57:57.763 INFO [main] org.apache.catalina.startup.VersionLoggerListener.log OS Name:               Windows 11
21-Jun-2024 20:57:57.763 INFO [main] org.apache.catalina.startup.VersionLoggerListener.log OS Version:            10.0
21-Jun-2024 20:57:57.764 INFO [main] org.apache.catalina.startup.VersionLoggerListener.log Architecture:          amd64
21-Jun-2024 20:57:57.764 INFO [main] org.apache.catalina.startup.VersionLoggerListener.log Java Home:             C:\Program Files\Java\jdk-17
21-Jun-2024 20:57:57.764 INFO [main] org.apache.catalina.startup.VersionLoggerListener.log JVM Version:           17.0.10+11-LTS-240
21-Jun-2024 20:57:57.764 INFO [main] org.apache.catalina.startup.VersionLoggerListener.log JVM Vendor:            Oracle Corporation
21-Jun-2024 20:57:57.764 INFO [main] org.apache.catalina.startup.VersionLoggerListener.log CATALINA_BASE:         C:\Users\arthu\Documents\Git\Especializacao-Fullstack\02-2024 Fundamentos de Programação Back-End\atividade_4\src\main
21-Jun-2024 20:57:57.764 INFO [main] org.apache.catalina.startup.VersionLoggerListener.log CATALINA_HOME:         C:\Users\arthu\Documents\Git\Especializacao-Fullstack\apache-tomcat-10.1.24-windows-x64\apache-tomcat-10.1.24
21-Jun-2024 20:57:57.780 INFO [main] org.apache.catalina.startup.VersionLoggerListener.log Command line argument: --add-opens=java.base/java.lang=ALL-UNNAMED
21-Jun-2024 20:57:57.780 INFO [main] org.apache.catalina.startup.VersionLoggerListener.log Command line argument: --add-opens=java.base/java.io=ALL-UNNAMED
21-Jun-2024 20:57:57.780 INFO [main] org.apache.catalina.startup.VersionLoggerListener.log Command line argument: --add-opens=java.base/java.util=ALL-UNNAMED
21-Jun-2024 20:57:57.780 INFO [main] org.apache.catalina.startup.VersionLoggerListener.log Command line argument: --add-opens=java.base/java.util.concurrent=ALL-UNNAMED
21-Jun-2024 20:57:57.780 INFO [main] org.apache.catalina.startup.VersionLoggerListener.log Command line argument: --add-opens=java.rmi/sun.rmi.transport=ALL-UNNAMED
21-Jun-2024 20:57:57.780 INFO [main] org.apache.catalina.startup.VersionLoggerListener.log Command line argument: -Dcatalina.home=C:\Users\arthu\Documents\Git\Especializacao-Fullstack\apache-tomcat-10.1.24-windows-x64\apache-tomcat-10.1.24
21-Jun-2024 20:57:57.780 INFO [main] org.apache.catalina.startup.VersionLoggerListener.log Command line argument: -Dcatalina.base=C:\Users\arthu\Documents\Git\Especializacao-Fullstack\02-2024 Fundamentos de Programação Back-End\atividade_4\src\main
21-Jun-2024 20:57:57.781 INFO [main] org.apache.catalina.startup.VersionLoggerListener.log Command line argument: -Djava.io.tmpdir=C:\Users\arthu\Documents\Git\Especializacao-Fullstack\02-2024 Fundamentos de Programação Back-End\atividade_4\src\main\temp
21-Jun-2024 20:57:57.781 INFO [main] org.apache.catalina.startup.VersionLoggerListener.log Command line argument: -Djava.util.logging.config.file=C:\Users\arthu\Documents\Git\Especializacao-Fullstack\02-2024 Fundamentos de Programação Back-End\atividade_4\src\main\conf\logging.properties
21-Jun-2024 20:57:57.781 INFO [main] org.apache.catalina.startup.VersionLoggerListener.log Command line argument: -Djava.util.logging.manager=org.apache.juli.ClassLoaderLogManager
21-Jun-2024 20:57:57.781 INFO [main] org.apache.catalina.startup.VersionLoggerListener.log Command line argument: -javaagent:C:\Program Files\JetBrains\IntelliJ IDEA Community Edition 2023.3.3\lib\idea_rt.jar=50147:C:\Program Files\JetBrains\IntelliJ IDEA Community Edition 2023.3.3\bin
21-Jun-2024 20:57:57.781 INFO [main] org.apache.catalina.startup.VersionLoggerListener.log Command line argument: -Dfile.encoding=UTF-8
21-Jun-2024 20:57:57.783 INFO [main] org.apache.catalina.core.AprLifecycleListener.lifecycleEvent Loaded Apache Tomcat Native library [2.0.7] using APR version [1.7.4].
21-Jun-2024 20:57:57.790 INFO [main] org.apache.catalina.core.AprLifecycleListener.initializeSSL OpenSSL successfully initialized [OpenSSL 3.0.13 30 Jan 2024]
21-Jun-2024 20:57:58.210 INFO [main] org.apache.coyote.AbstractProtocol.init Initializing ProtocolHandler ["http-nio-8080"]
21-Jun-2024 20:57:58.235 INFO [main] org.apache.catalina.startup.Catalina.load Server initialization in [825] milliseconds
21-Jun-2024 20:57:58.286 INFO [main] org.apache.catalina.core.StandardService.startInternal Starting service [Catalina]
21-Jun-2024 20:57:58.286 INFO [main] org.apache.catalina.core.StandardEngine.startInternal Starting Servlet engine: [Apache Tomcat/10.1.24]
21-Jun-2024 20:57:58.301 INFO [main] org.apache.catalina.startup.HostConfig.deployDescriptor Deploying deployment descriptor [C:\Users\arthu\Documents\Git\Especializacao-Fullstack\02-2024 Fundamentos de Programação Back-End\atividade_4\src\main\conf\Catalina\localhost\ROOT.xml]
21-Jun-2024 20:58:05.152 INFO [main] org.apache.jasper.servlet.TldScanner.scanJars At least one JAR was scanned for TLDs yet contained no TLDs. Enable debug logging for this logger for a complete list of JARs that were scanned but no TLDs were found in them. Skipping unneeded JARs during scanning can improve startup time and JSP compilation time.
21-Jun-2024 20:58:24.125 INFO [main] org.apache.catalina.startup.HostConfig.deployDescriptor Deployment of deployment descriptor [C:\Users\arthu\Documents\Git\Especializacao-Fullstack\02-2024 Fundamentos de Programação Back-End\atividade_4\src\main\conf\Catalina\localhost\ROOT.xml] has finished in [25.823] ms
21-Jun-2024 20:58:24.130 INFO [main] org.apache.coyote.AbstractProtocol.start Starting ProtocolHandler ["http-nio-8080"]
21-Jun-2024 20:58:24.153 INFO [main] org.apache.catalina.startup.Catalina.start Server startup in [25917] milliseconds
21-Jun-2024 21:00:18.033 INFO [Thread-2] org.apache.coyote.AbstractProtocol.pause Pausing ProtocolHandler ["http-nio-8080"]
21-Jun-2024 21:00:18.050 INFO [Thread-2] org.apache.catalina.core.StandardService.stopInternal Stopping service [Catalina]
21-Jun-2024 21:00:18.156 WARNING [Thread-2] org.apache.catalina.loader.WebappClassLoaderBase.clearReferencesThreads The web application [ROOT] appears to have started a thread named [HikariPool-1 connection closer] but has failed to stop it. This is very likely to create a memory leak. Stack trace of thread:
21-Jun-2024 21:00:18.184 INFO [Thread-2] org.apache.coyote.AbstractProtocol.stop Stopping ProtocolHandler ["http-nio-8080"]
21-Jun-2024 21:00:18.201 INFO [Thread-2] org.apache.coyote.AbstractProtocol.destroy Destroying ProtocolHandler ["http-nio-8080"]
21-Jun-2024 21:00:21.449 INFO [main] org.apache.catalina.startup.VersionLoggerListener.log Server version name:   Apache Tomcat/10.1.24
21-Jun-2024 21:00:21.505 INFO [main] org.apache.catalina.startup.VersionLoggerListener.log Server built:          May 9 2024 17:41:23 UTC
21-Jun-2024 21:00:21.505 INFO [main] org.apache.catalina.startup.VersionLoggerListener.log Server version number: 10.1.24.0
21-Jun-2024 21:00:21.505 INFO [main] org.apache.catalina.startup.VersionLoggerListener.log OS Name:               Windows 11
21-Jun-2024 21:00:21.505 INFO [main] org.apache.catalina.startup.VersionLoggerListener.log OS Version:            10.0
21-Jun-2024 21:00:21.505 INFO [main] org.apache.catalina.startup.VersionLoggerListener.log Architecture:          amd64
21-Jun-2024 21:00:21.505 INFO [main] org.apache.catalina.startup.VersionLoggerListener.log Java Home:             C:\Program Files\Java\jdk-17
21-Jun-2024 21:00:21.506 INFO [main] org.apache.catalina.startup.VersionLoggerListener.log JVM Version:           17.0.10+11-LTS-240
21-Jun-2024 21:00:21.506 INFO [main] org.apache.catalina.startup.VersionLoggerListener.log JVM Vendor:            Oracle Corporation
21-Jun-2024 21:00:21.506 INFO [main] org.apache.catalina.startup.VersionLoggerListener.log CATALINA_BASE:         C:\Users\arthu\Documents\Git\Especializacao-Fullstack\02-2024 Fundamentos de Programação Back-End\atividade_4\src\main
21-Jun-2024 21:00:21.506 INFO [main] org.apache.catalina.startup.VersionLoggerListener.log CATALINA_HOME:         C:\Users\arthu\Documents\Git\Especializacao-Fullstack\apache-tomcat-10.1.24-windows-x64\apache-tomcat-10.1.24
21-Jun-2024 21:00:21.526 INFO [main] org.apache.catalina.startup.VersionLoggerListener.log Command line argument: --add-opens=java.base/java.lang=ALL-UNNAMED
21-Jun-2024 21:00:21.526 INFO [main] org.apache.catalina.startup.VersionLoggerListener.log Command line argument: --add-opens=java.base/java.io=ALL-UNNAMED
21-Jun-2024 21:00:21.527 INFO [main] org.apache.catalina.startup.VersionLoggerListener.log Command line argument: --add-opens=java.base/java.util=ALL-UNNAMED
21-Jun-2024 21:00:21.527 INFO [main] org.apache.catalina.startup.VersionLoggerListener.log Command line argument: --add-opens=java.base/java.util.concurrent=ALL-UNNAMED
21-Jun-2024 21:00:21.527 INFO [main] org.apache.catalina.startup.VersionLoggerListener.log Command line argument: --add-opens=java.rmi/sun.rmi.transport=ALL-UNNAMED
21-Jun-2024 21:00:21.527 INFO [main] org.apache.catalina.startup.VersionLoggerListener.log Command line argument: -Dcatalina.home=C:\Users\arthu\Documents\Git\Especializacao-Fullstack\apache-tomcat-10.1.24-windows-x64\apache-tomcat-10.1.24
21-Jun-2024 21:00:21.527 INFO [main] org.apache.catalina.startup.VersionLoggerListener.log Command line argument: -Dcatalina.base=C:\Users\arthu\Documents\Git\Especializacao-Fullstack\02-2024 Fundamentos de Programação Back-End\atividade_4\src\main
21-Jun-2024 21:00:21.527 INFO [main] org.apache.catalina.startup.VersionLoggerListener.log Command line argument: -Djava.io.tmpdir=C:\Users\arthu\Documents\Git\Especializacao-Fullstack\02-2024 Fundamentos de Programação Back-End\atividade_4\src\main\temp
21-Jun-2024 21:00:21.527 INFO [main] org.apache.catalina.startup.VersionLoggerListener.log Command line argument: -Djava.util.logging.config.file=C:\Users\arthu\Documents\Git\Especializacao-Fullstack\02-2024 Fundamentos de Programação Back-End\atividade_4\src\main\conf\logging.properties
21-Jun-2024 21:00:21.527 INFO [main] org.apache.catalina.startup.VersionLoggerListener.log Command line argument: -Djava.util.logging.manager=org.apache.juli.ClassLoaderLogManager
21-Jun-2024 21:00:21.527 INFO [main] org.apache.catalina.startup.VersionLoggerListener.log Command line argument: -javaagent:C:\Program Files\JetBrains\IntelliJ IDEA Community Edition 2023.3.3\lib\idea_rt.jar=50254:C:\Program Files\JetBrains\IntelliJ IDEA Community Edition 2023.3.3\bin
21-Jun-2024 21:00:21.529 INFO [main] org.apache.catalina.startup.VersionLoggerListener.log Command line argument: -Dfile.encoding=UTF-8
21-Jun-2024 21:00:21.532 INFO [main] org.apache.catalina.core.AprLifecycleListener.lifecycleEvent Loaded Apache Tomcat Native library [2.0.7] using APR version [1.7.4].
21-Jun-2024 21:00:21.543 INFO [main] org.apache.catalina.core.AprLifecycleListener.initializeSSL OpenSSL successfully initialized [OpenSSL 3.0.13 30 Jan 2024]
21-Jun-2024 21:00:22.393 INFO [main] org.apache.coyote.AbstractProtocol.init Initializing ProtocolHandler ["http-nio-8080"]
21-Jun-2024 21:00:22.430 INFO [main] org.apache.catalina.startup.Catalina.load Server initialization in [1837] milliseconds
21-Jun-2024 21:00:22.503 INFO [main] org.apache.catalina.core.StandardService.startInternal Starting service [Catalina]
21-Jun-2024 21:00:22.504 INFO [main] org.apache.catalina.core.StandardEngine.startInternal Starting Servlet engine: [Apache Tomcat/10.1.24]
21-Jun-2024 21:00:22.526 INFO [main] org.apache.catalina.startup.HostConfig.deployDescriptor Deploying deployment descriptor [C:\Users\arthu\Documents\Git\Especializacao-Fullstack\02-2024 Fundamentos de Programação Back-End\atividade_4\src\main\conf\Catalina\localhost\ROOT.xml]
21-Jun-2024 21:00:30.388 INFO [main] org.apache.jasper.servlet.TldScanner.scanJars At least one JAR was scanned for TLDs yet contained no TLDs. Enable debug logging for this logger for a complete list of JARs that were scanned but no TLDs were found in them. Skipping unneeded JARs during scanning can improve startup time and JSP compilation time.
21-Jun-2024 21:00:53.509 INFO [main] org.apache.catalina.startup.HostConfig.deployDescriptor Deployment of deployment descriptor [C:\Users\arthu\Documents\Git\Especializacao-Fullstack\02-2024 Fundamentos de Programação Back-End\atividade_4\src\main\conf\Catalina\localhost\ROOT.xml] has finished in [30.983] ms
21-Jun-2024 21:00:53.514 INFO [main] org.apache.coyote.AbstractProtocol.start Starting ProtocolHandler ["http-nio-8080"]
21-Jun-2024 21:00:53.538 INFO [main] org.apache.catalina.startup.Catalina.start Server startup in [31108] milliseconds
21-Jun-2024 21:01:46.150 INFO [Thread-2] org.apache.coyote.AbstractProtocol.pause Pausing ProtocolHandler ["http-nio-8080"]
21-Jun-2024 21:01:46.161 INFO [Thread-2] org.apache.catalina.core.StandardService.stopInternal Stopping service [Catalina]
21-Jun-2024 21:01:46.230 INFO [Thread-2] org.apache.coyote.AbstractProtocol.stop Stopping ProtocolHandler ["http-nio-8080"]
21-Jun-2024 21:01:46.249 INFO [Thread-2] org.apache.coyote.AbstractProtocol.destroy Destroying ProtocolHandler ["http-nio-8080"]
21-Jun-2024 21:04:11.037 INFO [main] org.apache.catalina.startup.VersionLoggerListener.log Server version name:   Apache Tomcat/10.1.24
21-Jun-2024 21:04:11.042 INFO [main] org.apache.catalina.startup.VersionLoggerListener.log Server built:          May 9 2024 17:41:23 UTC
21-Jun-2024 21:04:11.042 INFO [main] org.apache.catalina.startup.VersionLoggerListener.log Server version number: 10.1.24.0
21-Jun-2024 21:04:11.042 INFO [main] org.apache.catalina.startup.VersionLoggerListener.log OS Name:               Windows 11
21-Jun-2024 21:04:11.042 INFO [main] org.apache.catalina.startup.VersionLoggerListener.log OS Version:            10.0
21-Jun-2024 21:04:11.042 INFO [main] org.apache.catalina.startup.VersionLoggerListener.log Architecture:          amd64
21-Jun-2024 21:04:11.043 INFO [main] org.apache.catalina.startup.VersionLoggerListener.log Java Home:             C:\Program Files\Java\jdk-17
21-Jun-2024 21:04:11.043 INFO [main] org.apache.catalina.startup.VersionLoggerListener.log JVM Version:           17.0.10+11-LTS-240
21-Jun-2024 21:04:11.043 INFO [main] org.apache.catalina.startup.VersionLoggerListener.log JVM Vendor:            Oracle Corporation
21-Jun-2024 21:04:11.043 INFO [main] org.apache.catalina.startup.VersionLoggerListener.log CATALINA_BASE:         C:\Users\arthu\Documents\Git\Especializacao-Fullstack\02-2024 Fundamentos de Programação Back-End\atividade_4\src\main
21-Jun-2024 21:04:11.043 INFO [main] org.apache.catalina.startup.VersionLoggerListener.log CATALINA_HOME:         C:\Users\arthu\Documents\Git\Especializacao-Fullstack\apache-tomcat-10.1.24-windows-x64\apache-tomcat-10.1.24
21-Jun-2024 21:04:11.056 INFO [main] org.apache.catalina.startup.VersionLoggerListener.log Command line argument: --add-opens=java.base/java.lang=ALL-UNNAMED
21-Jun-2024 21:04:11.056 INFO [main] org.apache.catalina.startup.VersionLoggerListener.log Command line argument: --add-opens=java.base/java.io=ALL-UNNAMED
21-Jun-2024 21:04:11.056 INFO [main] org.apache.catalina.startup.VersionLoggerListener.log Command line argument: --add-opens=java.base/java.util=ALL-UNNAMED
21-Jun-2024 21:04:11.057 INFO [main] org.apache.catalina.startup.VersionLoggerListener.log Command line argument: --add-opens=java.base/java.util.concurrent=ALL-UNNAMED
21-Jun-2024 21:04:11.057 INFO [main] org.apache.catalina.startup.VersionLoggerListener.log Command line argument: --add-opens=java.rmi/sun.rmi.transport=ALL-UNNAMED
21-Jun-2024 21:04:11.057 INFO [main] org.apache.catalina.startup.VersionLoggerListener.log Command line argument: -Dcatalina.home=C:\Users\arthu\Documents\Git\Especializacao-Fullstack\apache-tomcat-10.1.24-windows-x64\apache-tomcat-10.1.24
21-Jun-2024 21:04:11.057 INFO [main] org.apache.catalina.startup.VersionLoggerListener.log Command line argument: -Dcatalina.base=C:\Users\arthu\Documents\Git\Especializacao-Fullstack\02-2024 Fundamentos de Programação Back-End\atividade_4\src\main
21-Jun-2024 21:04:11.057 INFO [main] org.apache.catalina.startup.VersionLoggerListener.log Command line argument: -Djava.io.tmpdir=C:\Users\arthu\Documents\Git\Especializacao-Fullstack\02-2024 Fundamentos de Programação Back-End\atividade_4\src\main\temp
21-Jun-2024 21:04:11.057 INFO [main] org.apache.catalina.startup.VersionLoggerListener.log Command line argument: -Djava.util.logging.config.file=C:\Users\arthu\Documents\Git\Especializacao-Fullstack\02-2024 Fundamentos de Programação Back-End\atividade_4\src\main\conf\logging.properties
21-Jun-2024 21:04:11.057 INFO [main] org.apache.catalina.startup.VersionLoggerListener.log Command line argument: -Djava.util.logging.manager=org.apache.juli.ClassLoaderLogManager
21-Jun-2024 21:04:11.057 INFO [main] org.apache.catalina.startup.VersionLoggerListener.log Command line argument: -javaagent:C:\Program Files\JetBrains\IntelliJ IDEA Community Edition 2023.3.3\lib\idea_rt.jar=50382:C:\Program Files\JetBrains\IntelliJ IDEA Community Edition 2023.3.3\bin
21-Jun-2024 21:04:11.057 INFO [main] org.apache.catalina.startup.VersionLoggerListener.log Command line argument: -Dfile.encoding=UTF-8
21-Jun-2024 21:04:11.060 INFO [main] org.apache.catalina.core.AprLifecycleListener.lifecycleEvent Loaded Apache Tomcat Native library [2.0.7] using APR version [1.7.4].
21-Jun-2024 21:04:11.067 INFO [main] org.apache.catalina.core.AprLifecycleListener.initializeSSL OpenSSL successfully initialized [OpenSSL 3.0.13 30 Jan 2024]
21-Jun-2024 21:04:11.376 INFO [main] org.apache.coyote.AbstractProtocol.init Initializing ProtocolHandler ["http-nio-8080"]
21-Jun-2024 21:04:11.397 INFO [main] org.apache.catalina.startup.Catalina.load Server initialization in [655] milliseconds
21-Jun-2024 21:04:11.473 INFO [main] org.apache.catalina.core.StandardService.startInternal Starting service [Catalina]
21-Jun-2024 21:04:11.474 INFO [main] org.apache.catalina.core.StandardEngine.startInternal Starting Servlet engine: [Apache Tomcat/10.1.24]
21-Jun-2024 21:04:11.491 INFO [main] org.apache.catalina.startup.HostConfig.deployDescriptor Deploying deployment descriptor [C:\Users\arthu\Documents\Git\Especializacao-Fullstack\02-2024 Fundamentos de Programação Back-End\atividade_4\src\main\conf\Catalina\localhost\ROOT.xml]
21-Jun-2024 21:04:20.298 INFO [main] org.apache.jasper.servlet.TldScanner.scanJars At least one JAR was scanned for TLDs yet contained no TLDs. Enable debug logging for this logger for a complete list of JARs that were scanned but no TLDs were found in them. Skipping unneeded JARs during scanning can improve startup time and JSP compilation time.
21-Jun-2024 21:04:42.255 INFO [main] org.apache.catalina.startup.HostConfig.deployDescriptor Deployment of deployment descriptor [C:\Users\arthu\Documents\Git\Especializacao-Fullstack\02-2024 Fundamentos de Programação Back-End\atividade_4\src\main\conf\Catalina\localhost\ROOT.xml] has finished in [30.763] ms
21-Jun-2024 21:04:42.260 INFO [main] org.apache.coyote.AbstractProtocol.start Starting ProtocolHandler ["http-nio-8080"]
21-Jun-2024 21:04:42.279 INFO [main] org.apache.catalina.startup.Catalina.start Server startup in [30881] milliseconds
21-Jun-2024 21:05:18.614 INFO [Thread-2] org.apache.coyote.AbstractProtocol.pause Pausing ProtocolHandler ["http-nio-8080"]
21-Jun-2024 21:05:18.626 INFO [Thread-2] org.apache.catalina.core.StandardService.stopInternal Stopping service [Catalina]
21-Jun-2024 21:05:18.655 INFO [Thread-2] org.apache.coyote.AbstractProtocol.stop Stopping ProtocolHandler ["http-nio-8080"]
21-Jun-2024 21:05:18.667 INFO [Thread-2] org.apache.coyote.AbstractProtocol.destroy Destroying ProtocolHandler ["http-nio-8080"]
21-Jun-2024 21:05:39.826 INFO [main] org.apache.catalina.startup.VersionLoggerListener.log Server version name:   Apache Tomcat/10.1.24
21-Jun-2024 21:05:39.832 INFO [main] org.apache.catalina.startup.VersionLoggerListener.log Server built:          May 9 2024 17:41:23 UTC
21-Jun-2024 21:05:39.832 INFO [main] org.apache.catalina.startup.VersionLoggerListener.log Server version number: 10.1.24.0
21-Jun-2024 21:05:39.833 INFO [main] org.apache.catalina.startup.VersionLoggerListener.log OS Name:               Windows 11
21-Jun-2024 21:05:39.833 INFO [main] org.apache.catalina.startup.VersionLoggerListener.log OS Version:            10.0
21-Jun-2024 21:05:39.833 INFO [main] org.apache.catalina.startup.VersionLoggerListener.log Architecture:          amd64
21-Jun-2024 21:05:39.833 INFO [main] org.apache.catalina.startup.VersionLoggerListener.log Java Home:             C:\Program Files\Java\jdk-17
21-Jun-2024 21:05:39.833 INFO [main] org.apache.catalina.startup.VersionLoggerListener.log JVM Version:           17.0.10+11-LTS-240
21-Jun-2024 21:05:39.834 INFO [main] org.apache.catalina.startup.VersionLoggerListener.log JVM Vendor:            Oracle Corporation
21-Jun-2024 21:05:39.834 INFO [main] org.apache.catalina.startup.VersionLoggerListener.log CATALINA_BASE:         C:\Users\arthu\Documents\Git\Especializacao-Fullstack\02-2024 Fundamentos de Programação Back-End\atividade_4\src\main
21-Jun-2024 21:05:39.834 INFO [main] org.apache.catalina.startup.VersionLoggerListener.log CATALINA_HOME:         C:\Users\arthu\Documents\Git\Especializacao-Fullstack\apache-tomcat-10.1.24-windows-x64\apache-tomcat-10.1.24
21-Jun-2024 21:05:39.845 INFO [main] org.apache.catalina.startup.VersionLoggerListener.log Command line argument: --add-opens=java.base/java.lang=ALL-UNNAMED
21-Jun-2024 21:05:39.845 INFO [main] org.apache.catalina.startup.VersionLoggerListener.log Command line argument: --add-opens=java.base/java.io=ALL-UNNAMED
21-Jun-2024 21:05:39.846 INFO [main] org.apache.catalina.startup.VersionLoggerListener.log Command line argument: --add-opens=java.base/java.util=ALL-UNNAMED
21-Jun-2024 21:05:39.846 INFO [main] org.apache.catalina.startup.VersionLoggerListener.log Command line argument: --add-opens=java.base/java.util.concurrent=ALL-UNNAMED
21-Jun-2024 21:05:39.846 INFO [main] org.apache.catalina.startup.VersionLoggerListener.log Command line argument: --add-opens=java.rmi/sun.rmi.transport=ALL-UNNAMED
21-Jun-2024 21:05:39.846 INFO [main] org.apache.catalina.startup.VersionLoggerListener.log Command line argument: -Dcatalina.home=C:\Users\arthu\Documents\Git\Especializacao-Fullstack\apache-tomcat-10.1.24-windows-x64\apache-tomcat-10.1.24
21-Jun-2024 21:05:39.847 INFO [main] org.apache.catalina.startup.VersionLoggerListener.log Command line argument: -Dcatalina.base=C:\Users\arthu\Documents\Git\Especializacao-Fullstack\02-2024 Fundamentos de Programação Back-End\atividade_4\src\main
21-Jun-2024 21:05:39.847 INFO [main] org.apache.catalina.startup.VersionLoggerListener.log Command line argument: -Djava.io.tmpdir=C:\Users\arthu\Documents\Git\Especializacao-Fullstack\02-2024 Fundamentos de Programação Back-End\atividade_4\src\main\temp
21-Jun-2024 21:05:39.847 INFO [main] org.apache.catalina.startup.VersionLoggerListener.log Command line argument: -Djava.util.logging.config.file=C:\Users\arthu\Documents\Git\Especializacao-Fullstack\02-2024 Fundamentos de Programação Back-End\atividade_4\src\main\conf\logging.properties
21-Jun-2024 21:05:39.847 INFO [main] org.apache.catalina.startup.VersionLoggerListener.log Command line argument: -Djava.util.logging.manager=org.apache.juli.ClassLoaderLogManager
21-Jun-2024 21:05:39.847 INFO [main] org.apache.catalina.startup.VersionLoggerListener.log Command line argument: -javaagent:C:\Program Files\JetBrains\IntelliJ IDEA Community Edition 2023.3.3\lib\idea_rt.jar=50456:C:\Program Files\JetBrains\IntelliJ IDEA Community Edition 2023.3.3\bin
21-Jun-2024 21:05:39.847 INFO [main] org.apache.catalina.startup.VersionLoggerListener.log Command line argument: -Dfile.encoding=UTF-8
21-Jun-2024 21:05:39.852 INFO [main] org.apache.catalina.core.AprLifecycleListener.lifecycleEvent Loaded Apache Tomcat Native library [2.0.7] using APR version [1.7.4].
21-Jun-2024 21:05:39.858 INFO [main] org.apache.catalina.core.AprLifecycleListener.initializeSSL OpenSSL successfully initialized [OpenSSL 3.0.13 30 Jan 2024]
21-Jun-2024 21:05:40.188 INFO [main] org.apache.coyote.AbstractProtocol.init Initializing ProtocolHandler ["http-nio-8080"]
21-Jun-2024 21:05:40.207 INFO [main] org.apache.catalina.startup.Catalina.load Server initialization in [666] milliseconds
21-Jun-2024 21:05:40.260 INFO [main] org.apache.catalina.core.StandardService.startInternal Starting service [Catalina]
21-Jun-2024 21:05:40.261 INFO [main] org.apache.catalina.core.StandardEngine.startInternal Starting Servlet engine: [Apache Tomcat/10.1.24]
21-Jun-2024 21:05:40.276 INFO [main] org.apache.catalina.startup.HostConfig.deployDescriptor Deploying deployment descriptor [C:\Users\arthu\Documents\Git\Especializacao-Fullstack\02-2024 Fundamentos de Programação Back-End\atividade_4\src\main\conf\Catalina\localhost\ROOT.xml]
21-Jun-2024 21:05:47.268 INFO [main] org.apache.jasper.servlet.TldScanner.scanJars At least one JAR was scanned for TLDs yet contained no TLDs. Enable debug logging for this logger for a complete list of JARs that were scanned but no TLDs were found in them. Skipping unneeded JARs during scanning can improve startup time and JSP compilation time.
21-Jun-2024 21:06:07.854 INFO [main] org.apache.catalina.startup.HostConfig.deployDescriptor Deployment of deployment descriptor [C:\Users\arthu\Documents\Git\Especializacao-Fullstack\02-2024 Fundamentos de Programação Back-End\atividade_4\src\main\conf\Catalina\localhost\ROOT.xml] has finished in [27.577] ms
21-Jun-2024 21:06:07.863 INFO [main] org.apache.coyote.AbstractProtocol.start Starting ProtocolHandler ["http-nio-8080"]
21-Jun-2024 21:06:07.888 INFO [main] org.apache.catalina.startup.Catalina.start Server startup in [27680] milliseconds
21-Jun-2024 21:06:36.472 INFO [Thread-2] org.apache.coyote.AbstractProtocol.pause Pausing ProtocolHandler ["http-nio-8080"]
21-Jun-2024 21:06:36.483 INFO [Thread-2] org.apache.catalina.core.StandardService.stopInternal Stopping service [Catalina]
21-Jun-2024 21:06:36.537 INFO [Thread-2] org.apache.coyote.AbstractProtocol.stop Stopping ProtocolHandler ["http-nio-8080"]
21-Jun-2024 21:06:36.557 INFO [Thread-2] org.apache.coyote.AbstractProtocol.destroy Destroying ProtocolHandler ["http-nio-8080"]
