21-Jun-2024 20:49:06.121 INFO [main] org.apache.catalina.core.ApplicationContext.log 2 Spring WebApplicationInitializers detected on classpath
21-Jun-2024 20:49:12.773 INFO [main] org.apache.catalina.core.ApplicationContext.log Initializing Spring embedded WebApplicationContext
21-Jun-2024 20:50:02.066 INFO [Thread-2] org.apache.catalina.core.ApplicationContext.log Closing Spring root WebApplicationContext
21-Jun-2024 20:50:14.806 INFO [main] org.apache.catalina.core.ApplicationContext.log 2 Spring WebApplicationInitializers detected on classpath
21-Jun-2024 20:50:21.414 INFO [main] org.apache.catalina.core.ApplicationContext.log Initializing Spring embedded WebApplicationContext
21-Jun-2024 20:51:31.843 INFO [http-nio-8080-exec-10] org.apache.catalina.core.ApplicationContext.log Initializing Spring DispatcherServlet 'dispatcherServlet'
21-Jun-2024 20:51:48.587 INFO [Thread-2] org.apache.catalina.core.ApplicationContext.log Destroying Spring FrameworkServlet 'dispatcherServlet'
21-Jun-2024 20:51:48.588 INFO [Thread-2] org.apache.catalina.core.ApplicationContext.log Closing Spring root WebApplicationContext
21-Jun-2024 20:52:07.984 INFO [main] org.apache.catalina.core.ApplicationContext.log 2 Spring WebApplicationInitializers detected on classpath
21-Jun-2024 20:52:15.969 INFO [main] org.apache.catalina.core.ApplicationContext.log Initializing Spring embedded WebApplicationContext
21-Jun-2024 20:52:35.591 INFO [http-nio-8080-exec-2] org.apache.catalina.core.ApplicationContext.log Initializing Spring DispatcherServlet 'dispatcherServlet'
21-Jun-2024 20:57:53.752 INFO [Thread-2] org.apache.catalina.core.ApplicationContext.log Destroying Spring FrameworkServlet 'dispatcherServlet'
21-Jun-2024 20:57:53.752 INFO [Thread-2] org.apache.catalina.core.ApplicationContext.log Closing Spring root WebApplicationContext
21-Jun-2024 20:58:05.550 INFO [main] org.apache.catalina.core.ApplicationContext.log 2 Spring WebApplicationInitializers detected on classpath
21-Jun-2024 20:58:11.909 INFO [main] org.apache.catalina.core.ApplicationContext.log Initializing Spring embedded WebApplicationContext
21-Jun-2024 20:58:38.060 INFO [http-nio-8080-exec-1] org.apache.catalina.core.ApplicationContext.log Initializing Spring DispatcherServlet 'dispatcherServlet'
21-Jun-2024 21:00:18.056 INFO [Thread-2] org.apache.catalina.core.ApplicationContext.log Destroying Spring FrameworkServlet 'dispatcherServlet'
21-Jun-2024 21:00:18.058 INFO [Thread-2] org.apache.catalina.core.ApplicationContext.log Closing Spring root WebApplicationContext
21-Jun-2024 21:00:30.886 INFO [main] org.apache.catalina.core.ApplicationContext.log 2 Spring WebApplicationInitializers detected on classpath
21-Jun-2024 21:00:38.289 INFO [main] org.apache.catalina.core.ApplicationContext.log Initializing Spring embedded WebApplicationContext
21-Jun-2024 21:01:23.849 INFO [http-nio-8080-exec-1] org.apache.catalina.core.ApplicationContext.log Initializing Spring DispatcherServlet 'dispatcherServlet'
21-Jun-2024 21:01:46.163 INFO [Thread-2] org.apache.catalina.core.ApplicationContext.log Destroying Spring FrameworkServlet 'dispatcherServlet'
21-Jun-2024 21:01:46.164 INFO [Thread-2] org.apache.catalina.core.ApplicationContext.log Closing Spring root WebApplicationContext
21-Jun-2024 21:04:20.715 INFO [main] org.apache.catalina.core.ApplicationContext.log 2 Spring WebApplicationInitializers detected on classpath
21-Jun-2024 21:04:27.399 INFO [main] org.apache.catalina.core.ApplicationContext.log Initializing Spring embedded WebApplicationContext
21-Jun-2024 21:05:03.537 INFO [http-nio-8080-exec-2] org.apache.catalina.core.ApplicationContext.log Initializing Spring DispatcherServlet 'dispatcherServlet'
21-Jun-2024 21:05:18.628 INFO [Thread-2] org.apache.catalina.core.ApplicationContext.log Destroying Spring FrameworkServlet 'dispatcherServlet'
21-Jun-2024 21:05:18.628 INFO [Thread-2] org.apache.catalina.core.ApplicationContext.log Closing Spring root WebApplicationContext
21-Jun-2024 21:05:47.581 INFO [main] org.apache.catalina.core.ApplicationContext.log 2 Spring WebApplicationInitializers detected on classpath
21-Jun-2024 21:05:53.512 INFO [main] org.apache.catalina.core.ApplicationContext.log Initializing Spring embedded WebApplicationContext
21-Jun-2024 21:06:22.784 INFO [http-nio-8080-exec-2] org.apache.catalina.core.ApplicationContext.log Initializing Spring DispatcherServlet 'dispatcherServlet'
21-Jun-2024 21:06:36.484 INFO [Thread-2] org.apache.catalina.core.ApplicationContext.log Destroying Spring FrameworkServlet 'dispatcherServlet'
21-Jun-2024 21:06:36.485 INFO [Thread-2] org.apache.catalina.core.ApplicationContext.log Closing Spring root WebApplicationContext
